<?xml version="1.0" encoding="UTF-8"?>
<testsuite name="Purchase in plazavea store" tests="1" skipped="1" failures="0" errors="0" timestamp="2019-08-24T06:02:52" hostname="jhonatan-PC" time="114.151">
  <properties/>
  <testcase name="As a plazavea user, I want to enter its website and purchase a product" classname="Purchase in plazavea store" time="114.151">
    <skipped/>
  </testcase>
  <system-out><![CDATA[]]></system-out>
  <system-err><![CDATA[Aug 24, 2019 1:02:52 AM org.openqa.selenium.remote.DesiredCapabilities chrome
INFO: Using `new ChromeOptions()` is preferred to `DesiredCapabilities.chrome()`
Starting ChromeDriver 75.0.3770.140 (2d9f97485c7b07dc18a74666574f19176731995c-refs/branch-heads/3770@{#1155}) on port 11349
Only local connections are allowed.
Please protect ports used by ChromeDriver and related test frameworks to prevent access by malicious code.
[1566626628.438][WARNING]: This version of ChromeDriver has not been tested with Chrome version 76.
[1566626628.702][WARNING]: This version of ChromeDriver has not been tested with Chrome version 76.
[1566626631.140][WARNING]: Timed out connecting to Chrome, retrying...
Aug 24, 2019 1:03:53 AM org.openqa.selenium.remote.ProtocolHandshake createSession
INFO: Detected dialect: W3C
[Test worker] INFO net.thucydides.core.steps.ConsoleLoggingListener - TEST PENDING
[Test worker] INFO net.thucydides.core.steps.ConsoleLoggingListener - TEST PENDING
[Test worker] INFO net.thucydides.core.steps.ConsoleLoggingListener - TEST PENDING
[Test worker] INFO net.thucydides.core.steps.ConsoleLoggingListener - 
          __  _____ _____ ____ _____   ____  _____ _   _ ____ ___ _   _  ____ 
 _       / / |_   _| ____/ ___|_   _| |  _ \| ____| \ | |  _ \_ _| \ | |/ ___|
(_)____ / /    | | |  _| \___ \ | |   | |_) |  _| |  \| | | | | ||  \| | |  _ 
 |_____/ /     | | | |___ ___) || |   |  __/| |___| |\  | |_| | || |\  | |_| |
(_)   /_/      |_| |_____|____/ |_|   |_|   |_____|_| \_|____/___|_| \_|\____|
                                                                                

TEST PENDING: As a plazavea user, I want to enter its website and purchase a product
---------------------------------------------------------------------------------
]]></system-err>
</testsuite>
